d:\проекты\languages_programming\lplab14\lplab13\debug\vc142.pdb
d:\проекты\languages_programming\lplab14\lplab13\debug\vc142.idb
d:\проекты\languages_programming\lplab14\lplab13\debug\lp_13.obj
d:\проекты\languages_programming\lplab14\lplab13\debug\it.obj
d:\проекты\languages_programming\lplab14\lplab13\debug\parm.obj
d:\проекты\languages_programming\lplab14\lplab13\debug\in.obj
d:\проекты\languages_programming\lplab14\lplab13\debug\out.obj
d:\проекты\languages_programming\lplab14\lplab13\debug\log.obj
d:\проекты\languages_programming\lplab14\lplab13\debug\lt.obj
d:\проекты\languages_programming\lplab14\lplab13\debug\fst.obj
d:\проекты\languages_programming\lplab14\lplab13\debug\error.obj
d:\проекты\languages_programming\lplab14\lplab13\debug\dp.obj
d:\проекты\languages_programming\lplab14\lplab13\debug\dp.obj.enc
d:\проекты\languages_programming\lplab14\debug\lplab13.pdb
d:\проекты\languages_programming\lplab14\lplab13\debug\lplab13.tlog\cl.command.1.tlog
d:\проекты\languages_programming\lplab14\lplab13\debug\lplab13.tlog\cl.read.1.tlog
d:\проекты\languages_programming\lplab14\lplab13\debug\lplab13.tlog\cl.write.1.tlog
d:\проекты\languages_programming\lplab14\lplab13\debug\lplab13.tlog\link-cvtres.read.1.tlog
d:\проекты\languages_programming\lplab14\lplab13\debug\lplab13.tlog\link-cvtres.write.1.tlog
d:\проекты\languages_programming\lplab14\lplab13\debug\lplab13.tlog\link-rc.read.1.tlog
d:\проекты\languages_programming\lplab14\lplab13\debug\lplab13.tlog\link-rc.write.1.tlog
d:\проекты\languages_programming\lplab14\lplab13\debug\lplab13.tlog\link.7536-cvtres.read.1.tlog
d:\проекты\languages_programming\lplab14\lplab13\debug\lplab13.tlog\link.7536-cvtres.write.1.tlog
d:\проекты\languages_programming\lplab14\lplab13\debug\lplab13.tlog\link.7536-rc.read.1.tlog
d:\проекты\languages_programming\lplab14\lplab13\debug\lplab13.tlog\link.7536-rc.write.1.tlog
d:\проекты\languages_programming\lplab14\lplab13\debug\lplab13.tlog\link.7536.read.1.tlog
d:\проекты\languages_programming\lplab14\lplab13\debug\lplab13.tlog\link.7536.write.1.tlog
d:\проекты\languages_programming\lplab14\lplab13\debug\lplab13.tlog\link.command.1.tlog
d:\проекты\languages_programming\lplab14\lplab13\debug\lplab13.tlog\link.read.1.tlog
d:\проекты\languages_programming\lplab14\lplab13\debug\lplab13.tlog\link.write.1.tlog
