Сборка начата 19.09.2020 2:33:17.
Уровень детализации журнала: Normal.     1>Проект "D:\Университет\Лабараторные\ЯП\Выполненные\LPLab13\LPLab13\LPLab13.vcxproj" в узле 2 (целевые объекты Build).
     1>InitializeBuildStatus:
         Обращение к "x64\Debug\LPLab13.tlog\unsuccessfulbuild".
       ClCompile:
         C:\Program Files (x86)\Microsoft Visual Studio\2019\Enterprise\VC\Tools\MSVC\14.26.28801\bin\HostX86\x64\CL.exe /c /ZI /JMC /nologo /W3 /WX- /diagnostics:column /sdl /Od /D _DEBUG /D _CONSOLE /D _UNICODE /D UNICODE /Gm- /EHsc /RTC1 /MDd /GS /fp:precise /permissive- /Zc:wchar_t /Zc:forScope /Zc:inline /Fo"x64\Debug\\" /Fd"x64\Debug\vc142.pdb" /Gd /TP /FC /errorReport:prompt DP.cpp Error.cpp In.cpp Log.cpp LP_13.cpp LT.cpp Out.cpp Parm.cpp
         DP.cpp
     1>D:\Университет\Лабараторные\ЯП\Выполненные\LPLab13\LPLab13\DP.cpp(66,12): warning C4244: инициализация: преобразование "__int64" в "int", возможна потеря данных
         Error.cpp
         In.cpp
         Log.cpp
         LP_13.cpp
         LT.cpp
         Out.cpp
         Parm.cpp
         Создание кода...
       Link:
         C:\Program Files (x86)\Microsoft Visual Studio\2019\Enterprise\VC\Tools\MSVC\14.26.28801\bin\HostX86\x64\link.exe /ERRORREPORT:PROMPT /OUT:"D:\Университет\Лабараторные\ЯП\Выполненные\LPLab13\x64\Debug\LPLab13.exe" /INCREMENTAL /NOLOGO kernel32.lib user32.lib gdi32.lib winspool.lib comdlg32.lib advapi32.lib shell32.lib ole32.lib oleaut32.lib uuid.lib odbc32.lib odbccp32.lib /MANIFEST /MANIFESTUAC:"level='asInvoker' uiAccess='false'" /manifest:embed /DEBUG:FASTLINK /PDB:"D:\Университет\Лабараторные\ЯП\Выполненные\LPLab13\x64\Debug\LPLab13.pdb" /SUBSYSTEM:CONSOLE /TLBID:1 /DYNAMICBASE /NXCOMPAT /IMPLIB:"D:\Университет\Лабараторные\ЯП\Выполненные\LPLab13\x64\Debug\LPLab13.lib" /MACHINE:X64 x64\Debug\DP.obj
         x64\Debug\Error.obj
         x64\Debug\FST.obj
         x64\Debug\In.obj
         x64\Debug\IT.obj
         x64\Debug\Log.obj
         x64\Debug\LP_13.obj
         x64\Debug\LT.obj
         x64\Debug\Out.obj
         x64\Debug\Parm.obj
         LPLab13.vcxproj -> D:\Университет\Лабараторные\ЯП\Выполненные\LPLab13\x64\Debug\LPLab13.exe
       FinalizeBuildStatus:
         Файл "x64\Debug\LPLab13.tlog\unsuccessfulbuild" удаляется.
         Обращение к "x64\Debug\LPLab13.tlog\LPLab13.lastbuildstate".
     1>Сборка проекта "D:\Университет\Лабараторные\ЯП\Выполненные\LPLab13\LPLab13\LPLab13.vcxproj" завершена (целевые объекты Build).

Сборка успешно завершена.

       "D:\Университет\Лабараторные\ЯП\Выполненные\LPLab13\LPLab13\LPLab13.vcxproj" (целевой объект Build ) (1) ->
       (Целевой объект ClCompile) -> 
         D:\Университет\Лабараторные\ЯП\Выполненные\LPLab13\LPLab13\DP.cpp(66,12): warning C4244: инициализация: преобразование "__int64" в "int", возможна потеря данных

    Предупреждений: 1
    Ошибок: 0

Прошло времени 00:00:07.86
