Сборка начата 24.09.2020 15:23:20.
Уровень детализации журнала: Normal.     1>Проект "D:\Университет\Лабараторные\ЯП\Выполненные\LPLab13\LPLab13\LPLab13.vcxproj" в узле 2 (целевые объекты Build).
     1>InitializeBuildStatus:
         Создание "Debug\LPLab13.tlog\unsuccessfulbuild", так как было задано "AlwaysCreate".
       ClCompile:
         C:\Program Files (x86)\Microsoft Visual Studio\2019\Enterprise\VC\Tools\MSVC\14.27.29110\bin\HostX86\x86\CL.exe /c /ZI /JMC /nologo /W3 /WX- /diagnostics:column /sdl /Od /Oy- /D _DEBUG /D _CONSOLE /D _UNICODE /D UNICODE /Gm- /EHsc /RTC1 /MDd /GS /fp:precise /permissive- /Zc:wchar_t /Zc:forScope /Zc:inline /Fo"Debug\\" /Fd"Debug\vc142.pdb" /Gd /TP /analyze- /FC /errorReport:prompt /wd4996 DP.cpp
         DP.cpp
     1>D:\Университет\Лабараторные\ЯП\Выполненные\LPLab13\LPLab13\DP.cpp(17,14): warning C4101: a: неиспользованная локальная переменная
     1>D:\Университет\Лабараторные\ЯП\Выполненные\LPLab13\LPLab13\DP.cpp(83): warning C4715: GM::token_rekognizer: значение возвращается не при всех путях выполнения
       Link:
         C:\Program Files (x86)\Microsoft Visual Studio\2019\Enterprise\VC\Tools\MSVC\14.27.29110\bin\HostX86\x86\link.exe /ERRORREPORT:PROMPT /OUT:"D:\Университет\Лабараторные\ЯП\Выполненные\LPLab13\Debug\LPLab13.exe" /INCREMENTAL /NOLOGO kernel32.lib user32.lib gdi32.lib winspool.lib comdlg32.lib advapi32.lib shell32.lib ole32.lib oleaut32.lib uuid.lib odbc32.lib odbccp32.lib /MANIFEST /MANIFESTUAC:"level='asInvoker' uiAccess='false'" /manifest:embed /DEBUG:FASTLINK /PDB:"D:\Университет\Лабараторные\ЯП\Выполненные\LPLab13\Debug\LPLab13.pdb" /SUBSYSTEM:CONSOLE /TLBID:1 /DYNAMICBASE /NXCOMPAT /IMPLIB:"D:\Университет\Лабараторные\ЯП\Выполненные\LPLab13\Debug\LPLab13.lib" /MACHINE:X86 Debug\DP.obj
         Debug\Error.obj
         Debug\FST.obj
         Debug\In.obj
         Debug\IT.obj
         Debug\Log.obj
         Debug\LP_13.obj
         Debug\LT.obj
         Debug\Out.obj
         Debug\Parm.obj
         LPLab13.vcxproj -> D:\Университет\Лабараторные\ЯП\Выполненные\LPLab13\Debug\LPLab13.exe
       FinalizeBuildStatus:
         Файл "Debug\LPLab13.tlog\unsuccessfulbuild" удаляется.
         Обращение к "Debug\LPLab13.tlog\LPLab13.lastbuildstate".
     1>Сборка проекта "D:\Университет\Лабараторные\ЯП\Выполненные\LPLab13\LPLab13\LPLab13.vcxproj" завершена (целевые объекты Build).

Сборка успешно завершена.

       "D:\Университет\Лабараторные\ЯП\Выполненные\LPLab13\LPLab13\LPLab13.vcxproj" (целевой объект Build ) (1) ->
       (Целевой объект ClCompile) -> 
         D:\Университет\Лабараторные\ЯП\Выполненные\LPLab13\LPLab13\DP.cpp(17,14): warning C4101: a: неиспользованная локальная переменная
         D:\Университет\Лабараторные\ЯП\Выполненные\LPLab13\LPLab13\DP.cpp(83): warning C4715: GM::token_rekognizer: значение возвращается не при всех путях выполнения

    Предупреждений: 2
    Ошибок: 0

Прошло времени 00:00:01.35
