  generator_graphs.cpp
D:\University\languages_programming\LPLab16\generator_graphs\generator_graphs.cpp(77,11): warning C4566: character represented by universal-character-name '\u041E' cannot be represented in the current code page (1252)
D:\University\languages_programming\LPLab16\generator_graphs\generator_graphs.cpp(77,11): warning C4566: character represented by universal-character-name '\u0448' cannot be represented in the current code page (1252)
D:\University\languages_programming\LPLab16\generator_graphs\generator_graphs.cpp(77,11): warning C4566: character represented by universal-character-name '\u0438' cannot be represented in the current code page (1252)
D:\University\languages_programming\LPLab16\generator_graphs\generator_graphs.cpp(77,11): warning C4566: character represented by universal-character-name '\u0431' cannot be represented in the current code page (1252)
D:\University\languages_programming\LPLab16\generator_graphs\generator_graphs.cpp(77,11): warning C4566: character represented by universal-character-name '\u043A' cannot be represented in the current code page (1252)
D:\University\languages_programming\LPLab16\generator_graphs\generator_graphs.cpp(77,11): warning C4566: character represented by universal-character-name '\u0430' cannot be represented in the current code page (1252)
D:\University\languages_programming\LPLab16\generator_graphs\generator_graphs.cpp(77,11): warning C4566: character represented by universal-character-name '\u043E' cannot be represented in the current code page (1252)
D:\University\languages_programming\LPLab16\generator_graphs\generator_graphs.cpp(77,11): warning C4566: character represented by universal-character-name '\u0442' cannot be represented in the current code page (1252)
D:\University\languages_programming\LPLab16\generator_graphs\generator_graphs.cpp(77,11): warning C4566: character represented by universal-character-name '\u0440' cannot be represented in the current code page (1252)
D:\University\languages_programming\LPLab16\generator_graphs\generator_graphs.cpp(77,11): warning C4566: character represented by universal-character-name '\u044B' cannot be represented in the current code page (1252)
D:\University\languages_programming\LPLab16\generator_graphs\generator_graphs.cpp(77,11): warning C4566: character represented by universal-character-name '\u044F' cannot be represented in the current code page (1252)
D:\University\languages_programming\LPLab16\generator_graphs\generator_graphs.cpp(77,11): warning C4566: character represented by universal-character-name '\u0444' cannot be represented in the current code page (1252)
D:\University\languages_programming\LPLab16\generator_graphs\generator_graphs.cpp(77,11): warning C4566: character represented by universal-character-name '\u0439' cannot be represented in the current code page (1252)
D:\University\languages_programming\LPLab16\generator_graphs\generator_graphs.cpp(77,11): warning C4566: character represented by universal-character-name '\u043B' cannot be represented in the current code page (1252)
D:\University\languages_programming\LPLab16\generator_graphs\generator_graphs.cpp(150,11): warning C4566: character represented by universal-character-name '\u041E' cannot be represented in the current code page (1252)
D:\University\languages_programming\LPLab16\generator_graphs\generator_graphs.cpp(150,11): warning C4566: character represented by universal-character-name '\u0448' cannot be represented in the current code page (1252)
D:\University\languages_programming\LPLab16\generator_graphs\generator_graphs.cpp(150,11): warning C4566: character represented by universal-character-name '\u0438' cannot be represented in the current code page (1252)
D:\University\languages_programming\LPLab16\generator_graphs\generator_graphs.cpp(150,11): warning C4566: character represented by universal-character-name '\u0431' cannot be represented in the current code page (1252)
D:\University\languages_programming\LPLab16\generator_graphs\generator_graphs.cpp(150,11): warning C4566: character represented by universal-character-name '\u043A' cannot be represented in the current code page (1252)
D:\University\languages_programming\LPLab16\generator_graphs\generator_graphs.cpp(150,11): warning C4566: character represented by universal-character-name '\u0430' cannot be represented in the current code page (1252)
D:\University\languages_programming\LPLab16\generator_graphs\generator_graphs.cpp(150,11): warning C4566: character represented by universal-character-name '\u043E' cannot be represented in the current code page (1252)
D:\University\languages_programming\LPLab16\generator_graphs\generator_graphs.cpp(150,11): warning C4566: character represented by universal-character-name '\u0442' cannot be represented in the current code page (1252)
D:\University\languages_programming\LPLab16\generator_graphs\generator_graphs.cpp(150,11): warning C4566: character represented by universal-character-name '\u0440' cannot be represented in the current code page (1252)
D:\University\languages_programming\LPLab16\generator_graphs\generator_graphs.cpp(150,11): warning C4566: character represented by universal-character-name '\u044B' cannot be represented in the current code page (1252)
D:\University\languages_programming\LPLab16\generator_graphs\generator_graphs.cpp(150,11): warning C4566: character represented by universal-character-name '\u044F' cannot be represented in the current code page (1252)
D:\University\languages_programming\LPLab16\generator_graphs\generator_graphs.cpp(150,11): warning C4566: character represented by universal-character-name '\u0444' cannot be represented in the current code page (1252)
D:\University\languages_programming\LPLab16\generator_graphs\generator_graphs.cpp(150,11): warning C4566: character represented by universal-character-name '\u0439' cannot be represented in the current code page (1252)
D:\University\languages_programming\LPLab16\generator_graphs\generator_graphs.cpp(150,11): warning C4566: character represented by universal-character-name '\u043B' cannot be represented in the current code page (1252)
D:\University\languages_programming\LPLab16\generator_graphs\generator_graphs.cpp(160,32): warning C4018: '<': signed/unsigned mismatch
D:\University\languages_programming\LPLab16\generator_graphs\generator_graphs.cpp(177,23): warning C4018: '<': signed/unsigned mismatch
D:\University\languages_programming\LPLab16\generator_graphs\generator_graphs.cpp(201,23): warning C4018: '<': signed/unsigned mismatch
D:\University\languages_programming\LPLab16\generator_graphs\generator_graphs.cpp(209,23): warning C4018: '<': signed/unsigned mismatch
D:\University\languages_programming\LPLab16\generator_graphs\generator_graphs.cpp(306,22): warning C4018: '<': signed/unsigned mismatch
  generator_graphs.vcxproj -> D:\University\Labs\ЯП\Выполненные\LP_LAB16\Debug\generator_graphs.exe
