Сборка начата 24.09.2020 2:46:56.
Уровень детализации журнала: Normal.     1>Проект "D:\Университет\Лабараторные\ЯП\Выполненные\LPLab13\generator_graphs\generator_graphs.vcxproj" в узле 2 (целевые объекты Build).
     1>InitializeBuildStatus:
         Создание "Debug\generator_graphs.tlog\unsuccessfulbuild", так как было задано "AlwaysCreate".
       ClCompile:
         C:\Program Files (x86)\Microsoft Visual Studio\2019\Enterprise\VC\Tools\MSVC\14.27.29110\bin\HostX86\x86\CL.exe /c /ZI /JMC /nologo /W3 /WX- /diagnostics:column /sdl /Od /Oy- /D WIN32 /D _DEBUG /D _CONSOLE /D _UNICODE /D UNICODE /Gm- /EHsc /RTC1 /MDd /GS /fp:precise /permissive- /Zc:wchar_t /Zc:forScope /Zc:inline /Fo"Debug\\" /Fd"Debug\vc142.pdb" /Gd /TP /analyze- /FC /errorReport:prompt generator_graphs.cpp
         generator_graphs.cpp
     1>D:\Университет\Лабараторные\ЯП\Выполненные\LPLab13\generator_graphs\generator_graphs.cpp(158,32): warning C4018: <: несоответствие типов со знаком и без знака
     1>D:\Университет\Лабараторные\ЯП\Выполненные\LPLab13\generator_graphs\generator_graphs.cpp(175,23): warning C4018: <: несоответствие типов со знаком и без знака
     1>D:\Университет\Лабараторные\ЯП\Выполненные\LPLab13\generator_graphs\generator_graphs.cpp(199,23): warning C4018: <: несоответствие типов со знаком и без знака
     1>D:\Университет\Лабараторные\ЯП\Выполненные\LPLab13\generator_graphs\generator_graphs.cpp(207,23): warning C4018: <: несоответствие типов со знаком и без знака
     1>D:\Университет\Лабараторные\ЯП\Выполненные\LPLab13\generator_graphs\generator_graphs.cpp(304,22): warning C4018: <: несоответствие типов со знаком и без знака
       Link:
         C:\Program Files (x86)\Microsoft Visual Studio\2019\Enterprise\VC\Tools\MSVC\14.27.29110\bin\HostX86\x86\link.exe /ERRORREPORT:PROMPT /OUT:"D:\Университет\Лабараторные\ЯП\Выполненные\LPLab13\Debug\generator_graphs.exe" /INCREMENTAL /NOLOGO kernel32.lib user32.lib gdi32.lib winspool.lib comdlg32.lib advapi32.lib shell32.lib ole32.lib oleaut32.lib uuid.lib odbc32.lib odbccp32.lib /MANIFEST /MANIFESTUAC:"level='asInvoker' uiAccess='false'" /manifest:embed /DEBUG:FASTLINK /PDB:"D:\Университет\Лабараторные\ЯП\Выполненные\LPLab13\Debug\generator_graphs.pdb" /SUBSYSTEM:CONSOLE /TLBID:1 /DYNAMICBASE /NXCOMPAT /IMPLIB:"D:\Университет\Лабараторные\ЯП\Выполненные\LPLab13\Debug\generator_graphs.lib" /MACHINE:X86 Debug\generator_graphs.obj
         generator_graphs.vcxproj -> D:\Университет\Лабараторные\ЯП\Выполненные\LPLab13\Debug\generator_graphs.exe
       FinalizeBuildStatus:
         Файл "Debug\generator_graphs.tlog\unsuccessfulbuild" удаляется.
         Обращение к "Debug\generator_graphs.tlog\generator_graphs.lastbuildstate".
     1>Сборка проекта "D:\Университет\Лабараторные\ЯП\Выполненные\LPLab13\generator_graphs\generator_graphs.vcxproj" завершена (целевые объекты Build).

Сборка успешно завершена.

       "D:\Университет\Лабараторные\ЯП\Выполненные\LPLab13\generator_graphs\generator_graphs.vcxproj" (целевой объект Build ) (1) ->
       (Целевой объект ClCompile) -> 
         D:\Университет\Лабараторные\ЯП\Выполненные\LPLab13\generator_graphs\generator_graphs.cpp(158,32): warning C4018: <: несоответствие типов со знаком и без знака
         D:\Университет\Лабараторные\ЯП\Выполненные\LPLab13\generator_graphs\generator_graphs.cpp(175,23): warning C4018: <: несоответствие типов со знаком и без знака
         D:\Университет\Лабараторные\ЯП\Выполненные\LPLab13\generator_graphs\generator_graphs.cpp(199,23): warning C4018: <: несоответствие типов со знаком и без знака
         D:\Университет\Лабараторные\ЯП\Выполненные\LPLab13\generator_graphs\generator_graphs.cpp(207,23): warning C4018: <: несоответствие типов со знаком и без знака
         D:\Университет\Лабараторные\ЯП\Выполненные\LPLab13\generator_graphs\generator_graphs.cpp(304,22): warning C4018: <: несоответствие типов со знаком и без знака

    Предупреждений: 5
    Ошибок: 0

Прошло времени 00:00:02.14
