Сборка начата 03.11.2020 21:34:33.
Уровень детализации журнала: Normal.     1>Проект "D:\Университет\Лабараторные\ЯП\Выполненные\LP_LAB16\LP_LAB16\LP_LAB16.vcxproj" в узле 2 (целевые объекты Build).
     1>InitializeBuildStatus:
         Создание "Debug\LP_LAB16.tlog\unsuccessfulbuild", так как было задано "AlwaysCreate".
       ClCompile:
         C:\Program Files (x86)\Microsoft Visual Studio\2019\Enterprise\VC\Tools\MSVC\14.27.29110\bin\HostX86\x86\CL.exe /c /ZI /JMC /nologo /W3 /WX- /diagnostics:column /sdl /Od /Oy- /D WIN32 /D _DEBUG /D _CONSOLE /D _UNICODE /D UNICODE /Gm- /EHsc /RTC1 /MDd /GS /fp:precise /permissive- /Zc:wchar_t /Zc:forScope /Zc:inline /Fo"Debug\\" /Fd"Debug\vc142.pdb" /Gd /TP /analyze- /FC /errorReport:prompt GRB.cpp
         GRB.cpp
       Link:
         C:\Program Files (x86)\Microsoft Visual Studio\2019\Enterprise\VC\Tools\MSVC\14.27.29110\bin\HostX86\x86\link.exe /ERRORREPORT:PROMPT /OUT:"D:\Университет\Лабараторные\ЯП\Выполненные\LP_LAB16\Debug\LP_LAB16.exe" /INCREMENTAL /NOLOGO kernel32.lib user32.lib gdi32.lib winspool.lib comdlg32.lib advapi32.lib shell32.lib ole32.lib oleaut32.lib uuid.lib odbc32.lib odbccp32.lib /MANIFEST /MANIFESTUAC:"level='asInvoker' uiAccess='false'" /manifest:embed /DEBUG:FASTLINK /PDB:"D:\Университет\Лабараторные\ЯП\Выполненные\LP_LAB16\Debug\LP_LAB16.pdb" /SUBSYSTEM:CONSOLE /TLBID:1 /DYNAMICBASE /NXCOMPAT /IMPLIB:"D:\Университет\Лабараторные\ЯП\Выполненные\LP_LAB16\Debug\LP_LAB16.lib" /MACHINE:X86 Debug\DP.obj
         Debug\Error.obj
         Debug\FST.obj
         Debug\GRB.obj
         Debug\In.obj
         Debug\IT.obj
         Debug\Log.obj
         Debug\LP_16.obj
         Debug\LT.obj
         Debug\MFST.obj
         Debug\Parm.obj
         Debug\PN.obj
         LP_LAB16.vcxproj -> D:\Университет\Лабараторные\ЯП\Выполненные\LP_LAB16\Debug\LP_LAB16.exe
       FinalizeBuildStatus:
         Файл "Debug\LP_LAB16.tlog\unsuccessfulbuild" удаляется.
         Обращение к "Debug\LP_LAB16.tlog\LP_LAB16.lastbuildstate".
     1>Сборка проекта "D:\Университет\Лабараторные\ЯП\Выполненные\LP_LAB16\LP_LAB16\LP_LAB16.vcxproj" завершена (целевые объекты Build).

Сборка успешно завершена.
    Предупреждений: 0
    Ошибок: 0

Прошло времени 00:00:04.10
