Сборка начата 21.10.2020 10:31:04.
Уровень детализации журнала: Normal.     1>Проект "D:\Проекты\languages_programming\LPLab16\generator_graphs\generator_graphs.vcxproj" в узле 2 (целевые объекты Build).
     1>InitializeBuildStatus:
         Создание "x64\Debug\generator_graphs.tlog\unsuccessfulbuild", так как было задано "AlwaysCreate".
       ClCompile:
         C:\Program Files (x86)\Microsoft Visual Studio\2019\Enterprise\VC\Tools\MSVC\14.27.29110\bin\HostX86\x64\CL.exe /c /ZI /JMC /nologo /W3 /WX- /diagnostics:column /sdl /Od /D _DEBUG /D _CONSOLE /D _UNICODE /D UNICODE /Gm- /EHsc /RTC1 /MDd /GS /fp:precise /permissive- /Zc:wchar_t /Zc:forScope /Zc:inline /Fo"x64\Debug\\" /Fd"x64\Debug\vc142.pdb" /Gd /TP /FC /errorReport:prompt generator_graphs.cpp
         generator_graphs.cpp
     1>D:\Проекты\languages_programming\LPLab16\generator_graphs\generator_graphs.cpp(164,35): warning C4267: =: преобразование из "size_t" в "int"; возможна потеря данных
       Link:
         C:\Program Files (x86)\Microsoft Visual Studio\2019\Enterprise\VC\Tools\MSVC\14.27.29110\bin\HostX86\x64\link.exe /ERRORREPORT:PROMPT /OUT:"D:\Проекты\languages_programming\LPLab16\x64\Debug\generator_graphs.exe" /INCREMENTAL /NOLOGO kernel32.lib user32.lib gdi32.lib winspool.lib comdlg32.lib advapi32.lib shell32.lib ole32.lib oleaut32.lib uuid.lib odbc32.lib odbccp32.lib /MANIFEST /MANIFESTUAC:"level='asInvoker' uiAccess='false'" /manifest:embed /DEBUG:FASTLINK /PDB:"D:\Проекты\languages_programming\LPLab16\x64\Debug\generator_graphs.pdb" /SUBSYSTEM:CONSOLE /TLBID:1 /DYNAMICBASE /NXCOMPAT /IMPLIB:"D:\Проекты\languages_programming\LPLab16\x64\Debug\generator_graphs.lib" /MACHINE:X64 x64\Debug\generator_graphs.obj
         generator_graphs.vcxproj -> D:\Проекты\languages_programming\LPLab16\x64\Debug\generator_graphs.exe
       FinalizeBuildStatus:
         Файл "x64\Debug\generator_graphs.tlog\unsuccessfulbuild" удаляется.
         Обращение к "x64\Debug\generator_graphs.tlog\generator_graphs.lastbuildstate".
     1>Сборка проекта "D:\Проекты\languages_programming\LPLab16\generator_graphs\generator_graphs.vcxproj" завершена (целевые объекты Build).

Сборка успешно завершена.

       "D:\Проекты\languages_programming\LPLab16\generator_graphs\generator_graphs.vcxproj" (целевой объект Build ) (1) ->
       (Целевой объект ClCompile) -> 
         D:\Проекты\languages_programming\LPLab16\generator_graphs\generator_graphs.cpp(164,35): warning C4267: =: преобразование из "size_t" в "int"; возможна потеря данных

    Предупреждений: 1
    Ошибок: 0

Прошло времени 00:00:03.61
