d:\университет\лабараторные\яп\выполненные\lplab13\lplab13\x64\debug\vc142.pdb
d:\университет\лабараторные\яп\выполненные\lplab13\lplab13\x64\debug\vc142.idb
d:\университет\лабараторные\яп\выполненные\lplab13\lplab13\x64\debug\parm.obj
d:\университет\лабараторные\яп\выполненные\lplab13\lplab13\x64\debug\out.obj
d:\университет\лабараторные\яп\выполненные\lplab13\lplab13\x64\debug\lt.obj
d:\университет\лабараторные\яп\выполненные\lplab13\lplab13\x64\debug\lp_13.obj
d:\университет\лабараторные\яп\выполненные\lplab13\lplab13\x64\debug\it.obj
d:\университет\лабараторные\яп\выполненные\lplab13\lplab13\x64\debug\in.obj
d:\университет\лабараторные\яп\выполненные\lplab13\lplab13\x64\debug\fst.obj
d:\университет\лабараторные\яп\выполненные\lplab13\lplab13\x64\debug\error.obj
d:\университет\лабараторные\яп\выполненные\lplab13\lplab13\x64\debug\log.obj
d:\университет\лабараторные\яп\выполненные\lplab13\lplab13\x64\debug\dp.obj
d:\проекты\languages_programming\lplab14\lplab13\x64\debug\vc142.pdb
d:\проекты\languages_programming\lplab14\lplab13\x64\debug\vc142.idb
d:\проекты\languages_programming\lplab14\lplab13\x64\debug\parm.obj
d:\проекты\languages_programming\lplab14\lplab13\x64\debug\out.obj
d:\проекты\languages_programming\lplab14\lplab13\x64\debug\lt.obj
d:\проекты\languages_programming\lplab14\lplab13\x64\debug\lp_13.obj
d:\проекты\languages_programming\lplab14\lplab13\x64\debug\log.obj
d:\проекты\languages_programming\lplab14\lplab13\x64\debug\it.obj
d:\проекты\languages_programming\lplab14\lplab13\x64\debug\in.obj
d:\проекты\languages_programming\lplab14\lplab13\x64\debug\fst.obj
d:\проекты\languages_programming\lplab14\lplab13\x64\debug\error.obj
d:\проекты\languages_programming\lplab14\lplab13\x64\debug\dp.obj
d:\университет\лабараторные\яп\выполненные\lplab13\x64\debug\lplab13.ilk
d:\университет\лабараторные\яп\выполненные\lplab13\x64\debug\lplab13.exe
d:\университет\лабараторные\яп\выполненные\lplab13\x64\debug\lplab13.pdb
d:\проекты\languages_programming\lplab14\x64\debug\lplab13.ilk
d:\проекты\languages_programming\lplab14\x64\debug\lplab13.exe
d:\проекты\languages_programming\lplab14\x64\debug\lplab13.pdb
d:\проекты\languages_programming\lplab14\lplab13\x64\debug\lplab13.tlog\cl.command.1.tlog
d:\проекты\languages_programming\lplab14\lplab13\x64\debug\lplab13.tlog\cl.read.1.tlog
d:\проекты\languages_programming\lplab14\lplab13\x64\debug\lplab13.tlog\cl.write.1.tlog
d:\проекты\languages_programming\lplab14\lplab13\x64\debug\lplab13.tlog\link.command.1.tlog
d:\проекты\languages_programming\lplab14\lplab13\x64\debug\lplab13.tlog\link.read.1.tlog
d:\проекты\languages_programming\lplab14\lplab13\x64\debug\lplab13.tlog\link.write.1.tlog
